This is pdfTeX, Version 3.1415926-2.5-1.40.14 (TeX Live 2013/Debian) (format=pdflatex 2014.9.24)  25 SEP 2014 14:31
entering extended mode
 restricted \write18 enabled.
 %&-line parsing enabled.
**assignment_2.tex
(./assignment_2.tex
LaTeX2e <2011/06/27>
Babel <3.9h> and hyphenation patterns for 78 languages loaded.
(/usr/share/texlive/texmf-dist/tex/latex/base/article.cls
Document Class: article 2007/10/19 v1.4h Standard LaTeX document class
(/usr/share/texlive/texmf-dist/tex/latex/base/size10.clo
File: size10.clo 2007/10/19 v1.4h Standard LaTeX file (size option)
)
\c@part=\count79
\c@section=\count80
\c@subsection=\count81
\c@subsubsection=\count82
\c@paragraph=\count83
\c@subparagraph=\count84
\c@figure=\count85
\c@table=\count86
\abovecaptionskip=\skip41
\belowcaptionskip=\skip42
\bibindent=\dimen102
)
(/usr/share/texlive/texmf-dist/tex/latex/fancyhdr/fancyhdr.sty
\fancy@headwidth=\skip43
\f@ncyO@elh=\skip44
\f@ncyO@erh=\skip45
\f@ncyO@olh=\skip46
\f@ncyO@orh=\skip47
\f@ncyO@elf=\skip48
\f@ncyO@erf=\skip49
\f@ncyO@olf=\skip50
\f@ncyO@orf=\skip51
)
(/usr/share/texlive/texmf-dist/tex/latex/lastpage/lastpage.sty
Package: lastpage 2013/01/28 v1.2l Refers to last page's name (HMM; JPG)
)
(/usr/share/texlive/texmf-dist/tex/latex/fancyhdr/extramarks.sty
\@temptokenb=\toks14
)
(/usr/share/texlive/texmf-dist/tex/latex/graphics/color.sty
Package: color 2005/11/14 v1.0j Standard LaTeX Color (DPC)

(/usr/share/texlive/texmf-dist/tex/latex/latexconfig/color.cfg
File: color.cfg 2007/01/18 v1.5 color configuration of teTeX/TeXLive
)
Package color Info: Driver file: pdftex.def on input line 130.

(/usr/share/texlive/texmf-dist/tex/latex/pdftex-def/pdftex.def
File: pdftex.def 2011/05/27 v0.06d Graphics/color for pdfTeX

(/usr/share/texlive/texmf-dist/tex/generic/oberdiek/infwarerr.sty
Package: infwarerr 2010/04/08 v1.3 Providing info/warning/error messages (HO)
)
(/usr/share/texlive/texmf-dist/tex/generic/oberdiek/ltxcmds.sty
Package: ltxcmds 2011/11/09 v1.22 LaTeX kernel commands for general use (HO)
)
\Gread@gobject=\count87
)
(/usr/share/texlive/texmf-dist/tex/latex/graphics/dvipsnam.def
File: dvipsnam.def 1999/02/16 v3.0i Driver-dependant file (DPC,SPQR)
))
(/usr/share/texlive/texmf-dist/tex/latex/graphics/graphicx.sty
Package: graphicx 1999/02/16 v1.0f Enhanced LaTeX Graphics (DPC,SPQR)

(/usr/share/texlive/texmf-dist/tex/latex/graphics/keyval.sty
Package: keyval 1999/03/16 v1.13 key=value parser (DPC)
\KV@toks@=\toks15
)
(/usr/share/texlive/texmf-dist/tex/latex/graphics/graphics.sty
Package: graphics 2009/02/05 v1.0o Standard LaTeX Graphics (DPC,SPQR)

(/usr/share/texlive/texmf-dist/tex/latex/graphics/trig.sty
Package: trig 1999/03/16 v1.09 sin cos tan (DPC)
)
(/usr/share/texlive/texmf-dist/tex/latex/latexconfig/graphics.cfg
File: graphics.cfg 2010/04/23 v1.9 graphics configuration of TeX Live
)
Package graphics Info: Driver file: pdftex.def on input line 91.
)
\Gin@req@height=\dimen103
\Gin@req@width=\dimen104
)
(/usr/share/texlive/texmf-dist/tex/latex/listings/listings.sty
\lst@mode=\count88
\lst@gtempboxa=\box26
\lst@token=\toks16
\lst@length=\count89
\lst@currlwidth=\dimen105
\lst@column=\count90
\lst@pos=\count91
\lst@lostspace=\dimen106
\lst@width=\dimen107
\lst@newlines=\count92
\lst@lineno=\count93
\lst@maxwidth=\dimen108

(/usr/share/texlive/texmf-dist/tex/latex/listings/lstmisc.sty
File: lstmisc.sty 2013/08/26 1.5b (Carsten Heinz)
\c@lstnumber=\count94
\lst@skipnumbers=\count95
\lst@framebox=\box27
)
(/usr/share/texlive/texmf-dist/tex/latex/listings/listings.cfg
File: listings.cfg 2013/08/26 1.5b listings configuration
))
Package: listings 2013/08/26 1.5b (Carsten Heinz)

(/usr/share/texlive/texmf-dist/tex/latex/psnfss/courier.sty
Package: courier 2005/04/12 PSNFSS-v9.2a (WaS) 
)
(/usr/share/texlive/texmf-dist/tex/latex/lipsum/lipsum.sty
Package: lipsum 2011/04/14 v1.2 150 paragraphs of Lorem Ipsum dummy text
\c@lips@count=\count96
)
(/usr/share/texlive/texmf-dist/tex/latex/listings/lstlang1.sty
File: lstlang1.sty 2013/08/26 1.5b listings language file
)
\c@homeworkProblemCounter=\count97

(./assignment_2.aux

LaTeX Warning: Label `fig:3' multiply defined.


LaTeX Warning: Label `fig:9' multiply defined.

)
\openout1 = `assignment_2.aux'.

LaTeX Font Info:    Checking defaults for OML/cmm/m/it on input line 172.
LaTeX Font Info:    ... okay on input line 172.
LaTeX Font Info:    Checking defaults for T1/cmr/m/n on input line 172.
LaTeX Font Info:    ... okay on input line 172.
LaTeX Font Info:    Checking defaults for OT1/cmr/m/n on input line 172.
LaTeX Font Info:    ... okay on input line 172.
LaTeX Font Info:    Checking defaults for OMS/cmsy/m/n on input line 172.
LaTeX Font Info:    ... okay on input line 172.
LaTeX Font Info:    Checking defaults for OMX/cmex/m/n on input line 172.
LaTeX Font Info:    ... okay on input line 172.
LaTeX Font Info:    Checking defaults for U/cmr/m/n on input line 172.
LaTeX Font Info:    ... okay on input line 172.
Package lastpage Info: Please have a look at the pageslts package at
(lastpage)             http://www.ctan.org/tex-archive/ 
(lastpage)             macros/latex/contrib/pageslts/ 
(lastpage)             or
(lastpage)             http://www.ctan.org/tex-archive/ 
(lastpage)             install/macros/latex/contrib/pageslts.tds.zip
(lastpage)             ! on input line 172.
 (/usr/share/texlive/texmf-dist/tex/context/base/supp-pdf.mkii
[Loading MPS to PDF converter (version 2006.09.02).]
\scratchcounter=\count98
\scratchdimen=\dimen109
\scratchbox=\box28
\nofMPsegments=\count99
\nofMParguments=\count100
\everyMPshowfont=\toks17
\MPscratchCnt=\count101
\MPscratchDim=\dimen110
\MPnumerator=\count102
\makeMPintoPDFobject=\count103
\everyMPtoPDFconversion=\toks18
) (/usr/share/texlive/texmf-dist/tex/generic/oberdiek/pdftexcmds.sty
Package: pdftexcmds 2011/11/29 v0.20 Utility functions of pdfTeX for LuaTeX (HO
)

(/usr/share/texlive/texmf-dist/tex/generic/oberdiek/ifluatex.sty
Package: ifluatex 2010/03/01 v1.3 Provides the ifluatex switch (HO)
Package ifluatex Info: LuaTeX not detected.
)
(/usr/share/texlive/texmf-dist/tex/generic/oberdiek/ifpdf.sty
Package: ifpdf 2011/01/30 v2.3 Provides the ifpdf switch (HO)
Package ifpdf Info: pdfTeX in PDF mode is detected.
)
Package pdftexcmds Info: LuaTeX not detected.
Package pdftexcmds Info: \pdf@primitive is available.
Package pdftexcmds Info: \pdf@ifprimitive is available.
Package pdftexcmds Info: \pdfdraftmode found.
)
(/usr/share/texlive/texmf-dist/tex/latex/oberdiek/epstopdf-base.sty
Package: epstopdf-base 2010/02/09 v2.5 Base part for package epstopdf

(/usr/share/texlive/texmf-dist/tex/latex/oberdiek/grfext.sty
Package: grfext 2010/08/19 v1.1 Manage graphics extensions (HO)

(/usr/share/texlive/texmf-dist/tex/generic/oberdiek/kvdefinekeys.sty
Package: kvdefinekeys 2011/04/07 v1.3 Define keys (HO)
))
(/usr/share/texlive/texmf-dist/tex/latex/oberdiek/kvoptions.sty
Package: kvoptions 2011/06/30 v3.11 Key value format for package options (HO)

(/usr/share/texlive/texmf-dist/tex/generic/oberdiek/kvsetkeys.sty
Package: kvsetkeys 2012/04/25 v1.16 Key value parser (HO)

(/usr/share/texlive/texmf-dist/tex/generic/oberdiek/etexcmds.sty
Package: etexcmds 2011/02/16 v1.5 Avoid name clashes with e-TeX commands (HO)
Package etexcmds Info: Could not find \expanded.
(etexcmds)             That can mean that you are not using pdfTeX 1.50 or
(etexcmds)             that some package has redefined \expanded.
(etexcmds)             In the latter case, load this package earlier.
)))
Package grfext Info: Graphics extension search list:
(grfext)             [.png,.pdf,.jpg,.mps,.jpeg,.jbig2,.jb2,.PNG,.PDF,.JPG,.JPE
G,.JBIG2,.JB2,.eps]
(grfext)             \AppendGraphicsExtensions on input line 452.

(/usr/share/texlive/texmf-dist/tex/latex/latexconfig/epstopdf-sys.cfg
File: epstopdf-sys.cfg 2010/07/13 v1.3 Configuration of (r)epstopdf for TeX Liv
e
))
\c@lstlisting=\count104
LaTeX Font Info:    External font `cmex10' loaded for size
(Font)              <12> on input line 174.
LaTeX Font Info:    External font `cmex10' loaded for size
(Font)              <8> on input line 174.
LaTeX Font Info:    External font `cmex10' loaded for size
(Font)              <6> on input line 174.

[1

{/var/lib/texmf/fonts/map/pdftex/updmap/pdftex.map}] (./assignment_2.toc)
\tf@toc=\write3
\openout3 = `assignment_2.toc'.


[2]
LaTeX Font Info:    Try loading font information for OT1+pcr on input line 196.

 (/usr/share/texlive/texmf-dist/tex/latex/psnfss/ot1pcr.fd
File: ot1pcr.fd 2001/06/04 font definitions for OT1/pcr.
) (./twitter.py
LaTeX Font Info:    Try loading font information for T1+pcr on input line 9.

(/usr/share/texlive/texmf-dist/tex/latex/psnfss/t1pcr.fd
File: t1pcr.fd 2001/06/04 font definitions for T1/pcr.
))
<TwitterUri.JPG, id=14, 434.37282pt x 303.38344pt>
File: TwitterUri.JPG Graphic file (type jpg)
 <use TwitterUri.JPG>
Package pdftex.def Info: TwitterUri.JPG used on input line 202.
(pdftex.def)             Requested size: 216.81pt x 151.4321pt.

(./preProcess.py [3]) <preProcess.JPG, id=22, 432.86719pt x 282.30469pt>
File: preProcess.JPG Graphic file (type jpg)

<use preProcess.JPG>
Package pdftex.def Info: preProcess.JPG used on input line 213.
(pdftex.def)             Requested size: 216.81pt x 141.39752pt.
 <processed.JPG, id=23, 434.37282pt x 304.13625pt>
File: processed.JPG Graphic file (type jpg)

<use processed.JPG>
Package pdftex.def Info: processed.JPG used on input line 219.
(pdftex.def)             Requested size: 216.81pt x 151.80786pt.
 (./processed.py [4 <./TwitterUri.JPG>] [5 <./preProcess.JPG> <./processed.JPG>
]) [6] (./countMementos.py [7

] [8]) (./Histogram.txt
[9]) [10] <countMementos.JPG, id=46, 434.37282pt x 264.23718pt>
File: countMementos.JPG Graphic file (type jpg)

<use countMementos.JPG>
Package pdftex.def Info: countMementos.JPG used on input line 260.
(pdftex.def)             Requested size: 216.81pt x 131.89247pt.
 <histogram.jpeg, id=47, 808.01875pt x 533.995pt>
File: histogram.jpeg Graphic file (type jpg)

<use histogram.jpeg>
Package pdftex.def Info: histogram.jpeg used on input line 266.
(pdftex.def)             Requested size: 216.81pt x 143.27614pt.
 <RstudioLayout.JPG, id=48, 777.65532pt x 487.8225pt>
File: RstudioLayout.JPG Graphic file (type jpg)

<use RstudioLayout.JPG>
Package pdftex.def Info: RstudioLayout.JPG used on input line 272.
(pdftex.def)             Requested size: 361.34999pt x 226.6788pt.
 [11 <./countMementos.JPG> <./histogram.jpeg> <./RstudioLayout.JPG>] (./local.p
y [12


] [13]) <local.JPG, id=59, 433.62pt x 260.47313pt>
File: local.JPG Graphic file (type jpg)

<use local.JPG>
Package pdftex.def Info: local.JPG used on input line 307.
(pdftex.def)             Requested size: 361.34999pt x 217.071pt.
 [14] [15 <./local.JPG>]
<Tablegraph.JPG, id=66, 462.22687pt x 573.64313pt>
File: Tablegraph.JPG Graphic file (type jpg)
 <use Tablegraph.JPG>
Package pdftex.def Info: Tablegraph.JPG used on input line 314.
(pdftex.def)             Requested size: 361.34999pt x 448.4552pt.

(./calculateAge.py) <graphPlot.jpeg, id=67, 808.01875pt x 533.995pt>
File: graphPlot.jpeg Graphic file (type jpg)

<use graphPlot.jpeg>
Package pdftex.def Info: graphPlot.jpeg used on input line 323.
(pdftex.def)             Requested size: 361.34999pt x 238.80443pt.
 [16

] [17 <./Tablegraph.JPG>] [18 <./graphPlot.jpeg>]
<RgraphLayout.JPG, id=77, 778.40813pt x 486.31688pt>
File: RgraphLayout.JPG Graphic file (type jpg)
 <use RgraphLayout.JPG>
Package pdftex.def Info: RgraphLayout.JPG used on input line 330.
(pdftex.def)             Requested size: 361.34999pt x 225.76398pt.

[19 <./RgraphLayout.JPG>]
<Histogram_memento.jpeg, id=82, 808.01875pt x 533.995pt>
File: Histogram_memento.jpeg Graphic file (type jpg)

<use Histogram_memento.jpeg>
Package pdftex.def Info: Histogram_memento.jpeg used on input line 350.
(pdftex.def)             Requested size: 361.34999pt x 238.80443pt.
 
AED: lastpage setting LastPage
[20


 <./Histogram_memento.jpeg>] (./assignment_2.aux)

LaTeX Warning: There were multiply-defined labels.

 ) 
Here is how much of TeX's memory you used:
 3939 strings out of 493304
 55995 string characters out of 6139871
 367621 words of memory out of 5000000
 7311 multiletter control sequences out of 15000+600000
 10408 words of font info for 36 fonts, out of 8000000 for 9000
 957 hyphenation exceptions out of 8191
 38i,12n,43p,389b,1631s stack positions out of 5000i,500n,10000p,200000b,80000s
{/usr/share/texlive/texmf-dist/fonts/enc/dvips/base/8r.enc}</usr/share/texliv
e/texmf-dist/fonts/type1/public/amsfonts/cm/cmbx10.pfb></usr/share/texlive/texm
f-dist/fonts/type1/public/amsfonts/cm/cmbx12.pfb></usr/share/texlive/texmf-dist
/fonts/type1/public/amsfonts/cm/cmbx9.pfb></usr/share/texlive/texmf-dist/fonts/
type1/public/amsfonts/cm/cmr10.pfb></usr/share/texlive/texmf-dist/fonts/type1/p
ublic/amsfonts/cm/cmr5.pfb></usr/share/texlive/texmf-dist/fonts/type1/public/am
sfonts/cm/cmr9.pfb></usr/share/texlive/texmf-dist/fonts/type1/public/amsfonts/c
m/cmti12.pfb></usr/share/texlive/texmf-dist/fonts/type1/urw/courier/ucrr8a.pfb>
</usr/share/texlive/texmf-dist/fonts/type1/urw/courier/ucrro8a.pfb>
Output written on assignment_2.pdf (20 pages, 1020550 bytes).
PDF statistics:
 117 PDF objects out of 1000 (max. 8388607)
 74 compressed objects within 1 object stream
 0 named destinations out of 1000 (max. 500000)
 56 words of extra memory for PDF output out of 10000 (max. 10000000)

